<?xml version="1.0" encoding="UTF-8"?>
<testng-results ignored="0" total="1" passed="1" failed="0" skipped="0">
  <reporter-output>
  </reporter-output>
  <suite started-at="2023-03-15T16:57:26 UZT" name="Default suite" finished-at="2023-03-15T16:57:38 UZT" duration-ms="11726">
    <groups>
    </groups>
    <test started-at="2023-03-15T16:57:26 UZT" name="Default test" finished-at="2023-03-15T16:57:38 UZT" duration-ms="11726">
      <class name="DevOpsV1.First1">
        <test-method signature="f()[pri:0, instance:DevOpsV1.First1@368f2016]" started-at="2023-03-15T16:57:26 UZT" name="f" finished-at="2023-03-15T16:57:38 UZT" duration-ms="11685" status="PASS">
          <reporter-output>
          </reporter-output>
        </test-method> <!-- f -->
      </class> <!-- DevOpsV1.First1 -->
    </test> <!-- Default test -->
  </suite> <!-- Default suite -->
</testng-results>
